android/app/build/intermediates/manifest_merge_blame_file/release/processReleaseMainManifest/manifest-merger-blame-release-report.txt
1<?xml version="1.0" encoding="utf-8"?>
2<manifest xmlns:android="http://schemas.android.com/apk/res/android"
3    package="com.example.e_mart"
4    android:versionCode="1"
5    android:versionName="1.0.0" >
6
7    <uses-sdk
8        android:minSdkVersion="21"
9        android:targetSdkVersion="34" />
10
11    <uses-permission android:name="android.permission.ACCESS_FINE_LOCATION" />
11-->src\main\AndroidManifest.xml:2:5-79
11-->src\main\AndroidManifest.xml:2:22-76
12    <uses-permission android:name="android.permission.ACCESS_COARSE_LOCATION" />
12-->src\main\AndroidManifest.xml:3:5-81
12-->src\main\AndroidManifest.xml:3:22-78
13    <uses-permission android:name="android.permission.RECEIVE_BOOT_COMPLETED" />
13-->src\main\AndroidManifest.xml:4:5-80
13-->src\main\AndroidManifest.xml:4:22-78
14    <uses-permission android:name="android.permission.POST_NOTIFICATIONS" />
14-->src\main\AndroidManifest.xml:5:5-76
14-->src\main\AndroidManifest.xml:5:22-74
15    <!--
16         Required to query activities that can process text, see:
17         https://developer.android.com/training/package-visibility and
18         https://developer.android.com/reference/android/content/Intent#ACTION_PROCESS_TEXT.
19
20         In particular, this is used by the Flutter engine in io.flutter.plugin.text.ProcessTextPlugin.
21    -->
22    <queries>
22-->src\main\AndroidManifest.xml:44:5-49:15
23        <intent>
23-->src\main\AndroidManifest.xml:45:9-48:18
24            <action android:name="android.intent.action.PROCESS_TEXT" />
24-->src\main\AndroidManifest.xml:46:13-72
24-->src\main\AndroidManifest.xml:46:21-70
25
26            <data android:mimeType="text/plain" />
26-->src\main\AndroidManifest.xml:47:13-50
26-->src\main\AndroidManifest.xml:47:19-48
27        </intent>
28        <intent>
28-->[com.razorpay:standard-core:1.6.46] AndroidManifest.xml:11:9-17:18
29            <action android:name="android.intent.action.VIEW" />
29-->[com.razorpay:standard-core:1.6.46] AndroidManifest.xml:12:13-65
29-->[com.razorpay:standard-core:1.6.46] AndroidManifest.xml:12:21-62
30
31            <data
31-->src\main\AndroidManifest.xml:47:13-50
32                android:mimeType="*/*"
32-->src\main\AndroidManifest.xml:47:19-48
33                android:scheme="*" />
34        </intent>
35        <intent>
35-->[com.razorpay:standard-core:1.6.46] AndroidManifest.xml:18:9-27:18
36            <action android:name="android.intent.action.VIEW" />
36-->[com.razorpay:standard-core:1.6.46] AndroidManifest.xml:12:13-65
36-->[com.razorpay:standard-core:1.6.46] AndroidManifest.xml:12:21-62
37
38            <category android:name="android.intent.category.BROWSABLE" />
38-->[com.razorpay:standard-core:1.6.46] AndroidManifest.xml:21:13-74
38-->[com.razorpay:standard-core:1.6.46] AndroidManifest.xml:21:23-71
39
40            <data
40-->src\main\AndroidManifest.xml:47:13-50
41                android:host="pay"
42                android:mimeType="*/*"
42-->src\main\AndroidManifest.xml:47:19-48
43                android:scheme="upi" />
44        </intent>
45        <intent>
45-->[com.razorpay:standard-core:1.6.46] AndroidManifest.xml:28:9-30:18
46            <action android:name="android.intent.action.MAIN" />
46-->src\main\AndroidManifest.xml:29:17-68
46-->src\main\AndroidManifest.xml:29:25-66
47        </intent>
48        <intent>
48-->[com.razorpay:standard-core:1.6.46] AndroidManifest.xml:31:9-35:18
49            <action android:name="android.intent.action.SEND" />
49-->[com.razorpay:standard-core:1.6.46] AndroidManifest.xml:32:13-65
49-->[com.razorpay:standard-core:1.6.46] AndroidManifest.xml:32:21-62
50
51            <data android:mimeType="*/*" />
51-->src\main\AndroidManifest.xml:47:13-50
51-->src\main\AndroidManifest.xml:47:19-48
52        </intent>
53        <intent>
53-->[com.razorpay:standard-core:1.6.46] AndroidManifest.xml:36:9-38:18
54            <action android:name="rzp.device_token.share" />
54-->[com.razorpay:standard-core:1.6.46] AndroidManifest.xml:37:13-61
54-->[com.razorpay:standard-core:1.6.46] AndroidManifest.xml:37:21-58
55        </intent>
56    </queries>
57
58    <uses-permission android:name="android.permission.VIBRATE" />
58-->[:flutter_local_notifications] AndroidManifest.xml:7:5-66
58-->[:flutter_local_notifications] AndroidManifest.xml:7:22-63
59    <uses-permission android:name="android.permission.INTERNET" /> <!-- Include required permissions for Google Maps API to run. -->
59-->[com.razorpay:standard-core:1.6.46] AndroidManifest.xml:8:5-67
59-->[com.razorpay:standard-core:1.6.46] AndroidManifest.xml:8:22-64
60    <uses-permission android:name="android.permission.ACCESS_NETWORK_STATE" />
60-->[com.google.android.gms:play-services-maps:17.0.0] AndroidManifest.xml:23:5-79
60-->[com.google.android.gms:play-services-maps:17.0.0] AndroidManifest.xml:23:22-76
61
62    <uses-feature
62-->[com.google.android.gms:play-services-maps:17.0.0] AndroidManifest.xml:26:5-28:35
63        android:glEsVersion="0x00020000"
63-->[com.google.android.gms:play-services-maps:17.0.0] AndroidManifest.xml:27:9-41
64        android:required="true" />
64-->[com.google.android.gms:play-services-maps:17.0.0] AndroidManifest.xml:28:9-32
65
66    <permission
66-->[androidx.core:core:1.13.1] AndroidManifest.xml:22:5-24:47
67        android:name="com.example.e_mart.DYNAMIC_RECEIVER_NOT_EXPORTED_PERMISSION"
67-->[androidx.core:core:1.13.1] AndroidManifest.xml:23:9-81
68        android:protectionLevel="signature" />
68-->[androidx.core:core:1.13.1] AndroidManifest.xml:24:9-44
69
70    <uses-permission android:name="com.example.e_mart.DYNAMIC_RECEIVER_NOT_EXPORTED_PERMISSION" />
70-->[androidx.core:core:1.13.1] AndroidManifest.xml:26:5-97
70-->[androidx.core:core:1.13.1] AndroidManifest.xml:26:22-94
71
72    <application
73        android:name="android.app.Application"
73-->src\main\AndroidManifest.xml:8:9-42
74        android:appComponentFactory="androidx.core.app.CoreComponentFactory"
74-->[androidx.core:core:1.13.1] AndroidManifest.xml:28:18-86
75        android:extractNativeLibs="true"
76        android:icon="@mipmap/ic_launcher"
76-->src\main\AndroidManifest.xml:9:9-43
77        android:label="e_mart" >
77-->src\main\AndroidManifest.xml:7:9-31
78        <meta-data
78-->src\main\AndroidManifest.xml:10:10-97
79            android:name="com.google.android.geo.API_KEY"
79-->src\main\AndroidManifest.xml:10:21-66
80            android:value="YOUR_API_KEY" />
80-->src\main\AndroidManifest.xml:10:67-95
81
82        <activity
82-->src\main\AndroidManifest.xml:11:9-32:20
83            android:name="com.example.e_mart.MainActivity"
83-->src\main\AndroidManifest.xml:12:13-41
84            android:configChanges="orientation|keyboardHidden|keyboard|screenSize|smallestScreenSize|locale|layoutDirection|fontScale|screenLayout|density|uiMode"
84-->src\main\AndroidManifest.xml:17:13-163
85            android:exported="true"
85-->src\main\AndroidManifest.xml:13:13-36
86            android:hardwareAccelerated="true"
86-->src\main\AndroidManifest.xml:18:13-47
87            android:launchMode="singleTop"
87-->src\main\AndroidManifest.xml:14:13-43
88            android:taskAffinity=""
88-->src\main\AndroidManifest.xml:15:13-36
89            android:theme="@style/LaunchTheme"
89-->src\main\AndroidManifest.xml:16:13-47
90            android:windowSoftInputMode="adjustResize" >
90-->src\main\AndroidManifest.xml:19:13-55
91
92            <!--
93                 Specifies an Android theme to apply to this Activity as soon as
94                 the Android process has started. This theme is visible to the user
95                 while the Flutter UI initializes. After that, this theme continues
96                 to determine the Window background behind the Flutter UI.
97            -->
98            <meta-data
98-->src\main\AndroidManifest.xml:24:13-27:17
99                android:name="io.flutter.embedding.android.NormalTheme"
99-->src\main\AndroidManifest.xml:25:15-70
100                android:resource="@style/NormalTheme" />
100-->src\main\AndroidManifest.xml:26:15-52
101
102            <intent-filter>
102-->src\main\AndroidManifest.xml:28:13-31:29
103                <action android:name="android.intent.action.MAIN" />
103-->src\main\AndroidManifest.xml:29:17-68
103-->src\main\AndroidManifest.xml:29:25-66
104
105                <category android:name="android.intent.category.LAUNCHER" />
105-->src\main\AndroidManifest.xml:30:17-76
105-->src\main\AndroidManifest.xml:30:27-74
106            </intent-filter>
107        </activity>
108        <!--
109             Don't delete the meta-data below.
110             This is used by the Flutter tool to generate GeneratedPluginRegistrant.java
111        -->
112        <meta-data
112-->src\main\AndroidManifest.xml:35:9-37:33
113            android:name="flutterEmbedding"
113-->src\main\AndroidManifest.xml:36:13-44
114            android:value="2" />
114-->src\main\AndroidManifest.xml:37:13-30
115
116        <service
116-->[:geolocator_android] AndroidManifest.xml:8:9-12:56
117            android:name="com.baseflow.geolocator.GeolocatorLocationService"
117-->[:geolocator_android] AndroidManifest.xml:9:13-77
118            android:enabled="true"
118-->[:geolocator_android] AndroidManifest.xml:10:13-35
119            android:exported="false"
119-->[:geolocator_android] AndroidManifest.xml:11:13-37
120            android:foregroundServiceType="location" />
120-->[:geolocator_android] AndroidManifest.xml:12:13-53
121
122        <provider
122-->[:image_picker_android] AndroidManifest.xml:9:9-17:20
123            android:name="io.flutter.plugins.imagepicker.ImagePickerFileProvider"
123-->[:image_picker_android] AndroidManifest.xml:10:13-82
124            android:authorities="com.example.e_mart.flutter.image_provider"
124-->[:image_picker_android] AndroidManifest.xml:11:13-74
125            android:exported="false"
125-->[:image_picker_android] AndroidManifest.xml:12:13-37
126            android:grantUriPermissions="true" >
126-->[:image_picker_android] AndroidManifest.xml:13:13-47
127            <meta-data
127-->[:image_picker_android] AndroidManifest.xml:14:13-16:75
128                android:name="android.support.FILE_PROVIDER_PATHS"
128-->[:image_picker_android] AndroidManifest.xml:15:17-67
129                android:resource="@xml/flutter_image_picker_file_paths" />
129-->[:image_picker_android] AndroidManifest.xml:16:17-72
130        </provider> <!-- Trigger Google Play services to install the backported photo picker module. -->
131        <service
131-->[:image_picker_android] AndroidManifest.xml:19:9-31:19
132            android:name="com.google.android.gms.metadata.ModuleDependencies"
132-->[:image_picker_android] AndroidManifest.xml:20:13-78
133            android:enabled="false"
133-->[:image_picker_android] AndroidManifest.xml:21:13-36
134            android:exported="false" >
134-->[:image_picker_android] AndroidManifest.xml:22:13-37
135            <intent-filter>
135-->[:image_picker_android] AndroidManifest.xml:24:13-26:29
136                <action android:name="com.google.android.gms.metadata.MODULE_DEPENDENCIES" />
136-->[:image_picker_android] AndroidManifest.xml:25:17-94
136-->[:image_picker_android] AndroidManifest.xml:25:25-91
137            </intent-filter>
138
139            <meta-data
139-->[:image_picker_android] AndroidManifest.xml:28:13-30:36
140                android:name="photopicker_activity:0:required"
140-->[:image_picker_android] AndroidManifest.xml:29:17-63
141                android:value="" />
141-->[:image_picker_android] AndroidManifest.xml:30:17-33
142        </service>
143
144        <receiver
144-->[com.razorpay:standard-core:1.6.46] AndroidManifest.xml:42:9-49:20
145            android:name="com.razorpay.RzpTokenReceiver"
145-->[com.razorpay:standard-core:1.6.46] AndroidManifest.xml:43:13-57
146            android:exported="true" >
146-->[com.razorpay:standard-core:1.6.46] AndroidManifest.xml:44:13-36
147            <intent-filter>
147-->[com.razorpay:standard-core:1.6.46] AndroidManifest.xml:46:13-48:29
148                <action android:name="rzp.device_token.share" />
148-->[com.razorpay:standard-core:1.6.46] AndroidManifest.xml:37:13-61
148-->[com.razorpay:standard-core:1.6.46] AndroidManifest.xml:37:21-58
149            </intent-filter>
150        </receiver>
151
152        <activity
152-->[com.razorpay:standard-core:1.6.46] AndroidManifest.xml:51:9-59:20
153            android:name="com.razorpay.CheckoutActivity"
153-->[com.razorpay:standard-core:1.6.46] AndroidManifest.xml:52:13-57
154            android:configChanges="keyboard|keyboardHidden|orientation|screenSize"
154-->[com.razorpay:standard-core:1.6.46] AndroidManifest.xml:53:13-83
155            android:exported="false"
155-->[com.razorpay:standard-core:1.6.46] AndroidManifest.xml:54:13-37
156            android:theme="@style/CheckoutTheme" >
156-->[com.razorpay:standard-core:1.6.46] AndroidManifest.xml:55:13-49
157            <intent-filter>
157-->[com.razorpay:standard-core:1.6.46] AndroidManifest.xml:56:13-58:29
158                <action android:name="android.intent.action.MAIN" />
158-->src\main\AndroidManifest.xml:29:17-68
158-->src\main\AndroidManifest.xml:29:25-66
159            </intent-filter>
160        </activity>
161
162        <provider
162-->[com.razorpay:standard-core:1.6.46] AndroidManifest.xml:61:9-69:20
163            android:name="androidx.startup.InitializationProvider"
163-->[com.razorpay:standard-core:1.6.46] AndroidManifest.xml:62:13-67
164            android:authorities="com.example.e_mart.androidx-startup"
164-->[com.razorpay:standard-core:1.6.46] AndroidManifest.xml:63:13-68
165            android:exported="false" >
165-->[com.razorpay:standard-core:1.6.46] AndroidManifest.xml:64:13-37
166            <meta-data
166-->[com.razorpay:standard-core:1.6.46] AndroidManifest.xml:66:13-68:52
167                android:name="com.razorpay.RazorpayInitializer"
167-->[com.razorpay:standard-core:1.6.46] AndroidManifest.xml:67:17-64
168                android:value="androidx.startup" />
168-->[com.razorpay:standard-core:1.6.46] AndroidManifest.xml:68:17-49
169            <meta-data
169-->[androidx.lifecycle:lifecycle-process:2.7.0] AndroidManifest.xml:29:13-31:52
170                android:name="androidx.lifecycle.ProcessLifecycleInitializer"
170-->[androidx.lifecycle:lifecycle-process:2.7.0] AndroidManifest.xml:30:17-78
171                android:value="androidx.startup" />
171-->[androidx.lifecycle:lifecycle-process:2.7.0] AndroidManifest.xml:31:17-49
172            <meta-data
172-->[androidx.profileinstaller:profileinstaller:1.3.1] AndroidManifest.xml:29:13-31:52
173                android:name="androidx.profileinstaller.ProfileInstallerInitializer"
173-->[androidx.profileinstaller:profileinstaller:1.3.1] AndroidManifest.xml:30:17-85
174                android:value="androidx.startup" />
174-->[androidx.profileinstaller:profileinstaller:1.3.1] AndroidManifest.xml:31:17-49
175        </provider>
176
177        <activity
177-->[com.razorpay:standard-core:1.6.46] AndroidManifest.xml:71:9-74:75
178            android:name="com.razorpay.MagicXActivity"
178-->[com.razorpay:standard-core:1.6.46] AndroidManifest.xml:72:13-55
179            android:exported="false"
179-->[com.razorpay:standard-core:1.6.46] AndroidManifest.xml:73:13-37
180            android:theme="@android:style/Theme.Translucent.NoTitleBar" />
180-->[com.razorpay:standard-core:1.6.46] AndroidManifest.xml:74:13-72
181
182        <meta-data
182-->[com.razorpay:standard-core:1.6.46] AndroidManifest.xml:76:9-78:58
183            android:name="com.razorpay.plugin.googlepay_all"
183-->[com.razorpay:standard-core:1.6.46] AndroidManifest.xml:77:13-61
184            android:value="com.razorpay.RzpGpayMerged" />
184-->[com.razorpay:standard-core:1.6.46] AndroidManifest.xml:78:13-55
185
186        <activity
186-->[com.google.android.gms:play-services-auth:21.1.0] AndroidManifest.xml:23:9-27:75
187            android:name="com.google.android.gms.auth.api.signin.internal.SignInHubActivity"
187-->[com.google.android.gms:play-services-auth:21.1.0] AndroidManifest.xml:24:13-93
188            android:excludeFromRecents="true"
188-->[com.google.android.gms:play-services-auth:21.1.0] AndroidManifest.xml:25:13-46
189            android:exported="false"
189-->[com.google.android.gms:play-services-auth:21.1.0] AndroidManifest.xml:26:13-37
190            android:theme="@android:style/Theme.Translucent.NoTitleBar" />
190-->[com.google.android.gms:play-services-auth:21.1.0] AndroidManifest.xml:27:13-72
191        <!--
192            Service handling Google Sign-In user revocation. For apps that do not integrate with
193            Google Sign-In, this service will never be started.
194        -->
195        <service
195-->[com.google.android.gms:play-services-auth:21.1.0] AndroidManifest.xml:33:9-37:51
196            android:name="com.google.android.gms.auth.api.signin.RevocationBoundService"
196-->[com.google.android.gms:play-services-auth:21.1.0] AndroidManifest.xml:34:13-89
197            android:exported="true"
197-->[com.google.android.gms:play-services-auth:21.1.0] AndroidManifest.xml:35:13-36
198            android:permission="com.google.android.gms.auth.api.signin.permission.REVOCATION_NOTIFICATION"
198-->[com.google.android.gms:play-services-auth:21.1.0] AndroidManifest.xml:36:13-107
199            android:visibleToInstantApps="true" /> <!-- Needs to be explicitly declared on P+ -->
199-->[com.google.android.gms:play-services-auth:21.1.0] AndroidManifest.xml:37:13-48
200        <uses-library
200-->[com.google.android.gms:play-services-maps:17.0.0] AndroidManifest.xml:33:9-35:40
201            android:name="org.apache.http.legacy"
201-->[com.google.android.gms:play-services-maps:17.0.0] AndroidManifest.xml:34:13-50
202            android:required="false" />
202-->[com.google.android.gms:play-services-maps:17.0.0] AndroidManifest.xml:35:13-37
203
204        <activity
204-->[com.google.android.gms:play-services-base:18.3.0] AndroidManifest.xml:20:9-22:45
205            android:name="com.google.android.gms.common.api.GoogleApiActivity"
205-->[com.google.android.gms:play-services-base:18.3.0] AndroidManifest.xml:20:19-85
206            android:exported="false"
206-->[com.google.android.gms:play-services-base:18.3.0] AndroidManifest.xml:22:19-43
207            android:theme="@android:style/Theme.Translucent.NoTitleBar" />
207-->[com.google.android.gms:play-services-base:18.3.0] AndroidManifest.xml:21:19-78
208
209        <meta-data
209-->[com.google.android.gms:play-services-basement:18.3.0] AndroidManifest.xml:21:9-23:69
210            android:name="com.google.android.gms.version"
210-->[com.google.android.gms:play-services-basement:18.3.0] AndroidManifest.xml:22:13-58
211            android:value="@integer/google_play_services_version" />
211-->[com.google.android.gms:play-services-basement:18.3.0] AndroidManifest.xml:23:13-66
212
213        <uses-library
213-->[androidx.window:window:1.2.0] AndroidManifest.xml:23:9-25:40
214            android:name="androidx.window.extensions"
214-->[androidx.window:window:1.2.0] AndroidManifest.xml:24:13-54
215            android:required="false" />
215-->[androidx.window:window:1.2.0] AndroidManifest.xml:25:13-37
216        <uses-library
216-->[androidx.window:window:1.2.0] AndroidManifest.xml:26:9-28:40
217            android:name="androidx.window.sidecar"
217-->[androidx.window:window:1.2.0] AndroidManifest.xml:27:13-51
218            android:required="false" />
218-->[androidx.window:window:1.2.0] AndroidManifest.xml:28:13-37
219
220        <receiver
220-->[androidx.profileinstaller:profileinstaller:1.3.1] AndroidManifest.xml:34:9-52:20
221            android:name="androidx.profileinstaller.ProfileInstallReceiver"
221-->[androidx.profileinstaller:profileinstaller:1.3.1] AndroidManifest.xml:35:13-76
222            android:directBootAware="false"
222-->[androidx.profileinstaller:profileinstaller:1.3.1] AndroidManifest.xml:36:13-44
223            android:enabled="true"
223-->[androidx.profileinstaller:profileinstaller:1.3.1] AndroidManifest.xml:37:13-35
224            android:exported="true"
224-->[androidx.profileinstaller:profileinstaller:1.3.1] AndroidManifest.xml:38:13-36
225            android:permission="android.permission.DUMP" >
225-->[androidx.profileinstaller:profileinstaller:1.3.1] AndroidManifest.xml:39:13-57
226            <intent-filter>
226-->[androidx.profileinstaller:profileinstaller:1.3.1] AndroidManifest.xml:40:13-42:29
227                <action android:name="androidx.profileinstaller.action.INSTALL_PROFILE" />
227-->[androidx.profileinstaller:profileinstaller:1.3.1] AndroidManifest.xml:41:17-91
227-->[androidx.profileinstaller:profileinstaller:1.3.1] AndroidManifest.xml:41:25-88
228            </intent-filter>
229            <intent-filter>
229-->[androidx.profileinstaller:profileinstaller:1.3.1] AndroidManifest.xml:43:13-45:29
230                <action android:name="androidx.profileinstaller.action.SKIP_FILE" />
230-->[androidx.profileinstaller:profileinstaller:1.3.1] AndroidManifest.xml:44:17-85
230-->[androidx.profileinstaller:profileinstaller:1.3.1] AndroidManifest.xml:44:25-82
231            </intent-filter>
232            <intent-filter>
232-->[androidx.profileinstaller:profileinstaller:1.3.1] AndroidManifest.xml:46:13-48:29
233                <action android:name="androidx.profileinstaller.action.SAVE_PROFILE" />
233-->[androidx.profileinstaller:profileinstaller:1.3.1] AndroidManifest.xml:47:17-88
233-->[androidx.profileinstaller:profileinstaller:1.3.1] AndroidManifest.xml:47:25-85
234            </intent-filter>
235            <intent-filter>
235-->[androidx.profileinstaller:profileinstaller:1.3.1] AndroidManifest.xml:49:13-51:29
236                <action android:name="androidx.profileinstaller.action.BENCHMARK_OPERATION" />
236-->[androidx.profileinstaller:profileinstaller:1.3.1] AndroidManifest.xml:50:17-95
236-->[androidx.profileinstaller:profileinstaller:1.3.1] AndroidManifest.xml:50:25-92
237            </intent-filter>
238        </receiver>
239    </application>
240
241</manifest>